[2025-11-10 06:33:07Z INFO HostContext] No proxy settings were found based on environmental variables (http_proxy/https_proxy/HTTP_PROXY/HTTPS_PROXY)
[2025-11-10 06:33:07Z INFO HostContext] Well known directory 'Bin': 'C:\Users\AllayBro\Desktop\УЧЕБА\ПО ДЖАВА\Практика\РИР\lab5\integration-lab\actions-runner\bin'
[2025-11-10 06:33:07Z INFO HostContext] Well known directory 'Root': 'C:\Users\AllayBro\Desktop\УЧЕБА\ПО ДЖАВА\Практика\РИР\lab5\integration-lab\actions-runner'
[2025-11-10 06:33:07Z INFO HostContext] Well known config file 'Credentials': 'C:\Users\AllayBro\Desktop\УЧЕБА\ПО ДЖАВА\Практика\РИР\lab5\integration-lab\actions-runner\.credentials'
[2025-11-10 06:33:07Z INFO HostContext] Well known directory 'Bin': 'C:\Users\AllayBro\Desktop\УЧЕБА\ПО ДЖАВА\Практика\РИР\lab5\integration-lab\actions-runner\bin'
[2025-11-10 06:33:07Z INFO HostContext] Well known directory 'Root': 'C:\Users\AllayBro\Desktop\УЧЕБА\ПО ДЖАВА\Практика\РИР\lab5\integration-lab\actions-runner'
[2025-11-10 06:33:07Z INFO HostContext] Well known config file 'Runner': 'C:\Users\AllayBro\Desktop\УЧЕБА\ПО ДЖАВА\Практика\РИР\lab5\integration-lab\actions-runner\.runner'
[2025-11-10 06:33:07Z INFO Listener] Runner is built for Windows (X64) - win-x64.
[2025-11-10 06:33:07Z INFO Listener] RuntimeInformation: Microsoft Windows 10.0.26100.
[2025-11-10 06:33:07Z INFO Listener] Version: 2.329.0
[2025-11-10 06:33:07Z INFO Listener] Commit: c76c59996c8fa32e989164a5a695efb12608ae5a
[2025-11-10 06:33:07Z INFO Listener] Culture: ru-RU
[2025-11-10 06:33:07Z INFO Listener] UI Culture: ru-RU
[2025-11-10 06:33:07Z INFO HostContext] Well known directory 'Bin': 'C:\Users\AllayBro\Desktop\УЧЕБА\ПО ДЖАВА\Практика\РИР\lab5\integration-lab\actions-runner\bin'
[2025-11-10 06:33:07Z INFO HostContext] Well known directory 'Root': 'C:\Users\AllayBro\Desktop\УЧЕБА\ПО ДЖАВА\Практика\РИР\lab5\integration-lab\actions-runner'
[2025-11-10 06:33:07Z INFO Listener] Validating directory permissions for: 'C:\Users\AllayBro\Desktop\УЧЕБА\ПО ДЖАВА\Практика\РИР\lab5\integration-lab\actions-runner'
[2025-11-10 06:33:07Z INFO CommandLineParser] Parse
[2025-11-10 06:33:07Z INFO CommandLineParser] Parsing 5 args
[2025-11-10 06:33:07Z INFO CommandLineParser] parsing argument
[2025-11-10 06:33:07Z INFO CommandLineParser] HasArgs: False
[2025-11-10 06:33:07Z INFO CommandLineParser] Adding Command: configure
[2025-11-10 06:33:07Z INFO CommandLineParser] parsing argument
[2025-11-10 06:33:07Z INFO CommandLineParser] HasArgs: True
[2025-11-10 06:33:07Z INFO CommandLineParser] arg: url
[2025-11-10 06:33:07Z INFO CommandLineParser] parsing argument
[2025-11-10 06:33:07Z INFO CommandLineParser] HasArgs: True
[2025-11-10 06:33:07Z INFO CommandLineParser] Adding option 'url': 'https://github.com/AllayBro/lab5'
[2025-11-10 06:33:07Z INFO CommandLineParser] parsing argument
[2025-11-10 06:33:07Z INFO CommandLineParser] HasArgs: True
[2025-11-10 06:33:07Z INFO CommandLineParser] arg: token
[2025-11-10 06:33:07Z INFO CommandLineParser] parsing argument
[2025-11-10 06:33:07Z INFO CommandLineParser] HasArgs: True
[2025-11-10 06:33:07Z INFO CommandLineParser] Adding option 'token': '***'
[2025-11-10 06:33:07Z INFO Listener] Arguments parsed
[2025-11-10 06:33:07Z INFO Runner] ExecuteCommand
[2025-11-10 06:33:07Z INFO ConfigurationStore] currentAssemblyLocation: C:\Users\AllayBro\Desktop\УЧЕБА\ПО ДЖАВА\Практика\РИР\lab5\integration-lab\actions-runner\bin\Runner.Listener.dll
[2025-11-10 06:33:07Z INFO HostContext] Well known directory 'Bin': 'C:\Users\AllayBro\Desktop\УЧЕБА\ПО ДЖАВА\Практика\РИР\lab5\integration-lab\actions-runner\bin'
[2025-11-10 06:33:07Z INFO ConfigurationStore] binPath: C:\Users\AllayBro\Desktop\УЧЕБА\ПО ДЖАВА\Практика\РИР\lab5\integration-lab\actions-runner\bin
[2025-11-10 06:33:07Z INFO HostContext] Well known directory 'Bin': 'C:\Users\AllayBro\Desktop\УЧЕБА\ПО ДЖАВА\Практика\РИР\lab5\integration-lab\actions-runner\bin'
[2025-11-10 06:33:07Z INFO HostContext] Well known directory 'Root': 'C:\Users\AllayBro\Desktop\УЧЕБА\ПО ДЖАВА\Практика\РИР\lab5\integration-lab\actions-runner'
[2025-11-10 06:33:07Z INFO ConfigurationStore] RootFolder: C:\Users\AllayBro\Desktop\УЧЕБА\ПО ДЖАВА\Практика\РИР\lab5\integration-lab\actions-runner
[2025-11-10 06:33:07Z INFO HostContext] Well known directory 'Bin': 'C:\Users\AllayBro\Desktop\УЧЕБА\ПО ДЖАВА\Практика\РИР\lab5\integration-lab\actions-runner\bin'
[2025-11-10 06:33:07Z INFO HostContext] Well known directory 'Root': 'C:\Users\AllayBro\Desktop\УЧЕБА\ПО ДЖАВА\Практика\РИР\lab5\integration-lab\actions-runner'
[2025-11-10 06:33:07Z INFO HostContext] Well known config file 'Runner': 'C:\Users\AllayBro\Desktop\УЧЕБА\ПО ДЖАВА\Практика\РИР\lab5\integration-lab\actions-runner\.runner'
[2025-11-10 06:33:07Z INFO ConfigurationStore] ConfigFilePath: C:\Users\AllayBro\Desktop\УЧЕБА\ПО ДЖАВА\Практика\РИР\lab5\integration-lab\actions-runner\.runner
[2025-11-10 06:33:07Z INFO HostContext] Well known directory 'Bin': 'C:\Users\AllayBro\Desktop\УЧЕБА\ПО ДЖАВА\Практика\РИР\lab5\integration-lab\actions-runner\bin'
[2025-11-10 06:33:07Z INFO HostContext] Well known directory 'Root': 'C:\Users\AllayBro\Desktop\УЧЕБА\ПО ДЖАВА\Практика\РИР\lab5\integration-lab\actions-runner'
[2025-11-10 06:33:07Z INFO HostContext] Well known config file 'MigratedRunner': 'C:\Users\AllayBro\Desktop\УЧЕБА\ПО ДЖАВА\Практика\РИР\lab5\integration-lab\actions-runner\.runner_migrated'
[2025-11-10 06:33:07Z INFO ConfigurationStore] MigratedConfigFilePath: C:\Users\AllayBro\Desktop\УЧЕБА\ПО ДЖАВА\Практика\РИР\lab5\integration-lab\actions-runner\.runner_migrated
[2025-11-10 06:33:07Z INFO HostContext] Well known directory 'Bin': 'C:\Users\AllayBro\Desktop\УЧЕБА\ПО ДЖАВА\Практика\РИР\lab5\integration-lab\actions-runner\bin'
[2025-11-10 06:33:07Z INFO HostContext] Well known directory 'Root': 'C:\Users\AllayBro\Desktop\УЧЕБА\ПО ДЖАВА\Практика\РИР\lab5\integration-lab\actions-runner'
[2025-11-10 06:33:07Z INFO HostContext] Well known config file 'Credentials': 'C:\Users\AllayBro\Desktop\УЧЕБА\ПО ДЖАВА\Практика\РИР\lab5\integration-lab\actions-runner\.credentials'
[2025-11-10 06:33:07Z INFO ConfigurationStore] CredFilePath: C:\Users\AllayBro\Desktop\УЧЕБА\ПО ДЖАВА\Практика\РИР\lab5\integration-lab\actions-runner\.credentials
[2025-11-10 06:33:07Z INFO HostContext] Well known directory 'Bin': 'C:\Users\AllayBro\Desktop\УЧЕБА\ПО ДЖАВА\Практика\РИР\lab5\integration-lab\actions-runner\bin'
[2025-11-10 06:33:07Z INFO HostContext] Well known directory 'Root': 'C:\Users\AllayBro\Desktop\УЧЕБА\ПО ДЖАВА\Практика\РИР\lab5\integration-lab\actions-runner'
[2025-11-10 06:33:07Z INFO HostContext] Well known config file 'MigratedCredentials': 'C:\Users\AllayBro\Desktop\УЧЕБА\ПО ДЖАВА\Практика\РИР\lab5\integration-lab\actions-runner\.credentials_migrated'
[2025-11-10 06:33:07Z INFO ConfigurationStore] MigratedCredFilePath: C:\Users\AllayBro\Desktop\УЧЕБА\ПО ДЖАВА\Практика\РИР\lab5\integration-lab\actions-runner\.credentials_migrated
[2025-11-10 06:33:07Z INFO HostContext] Well known directory 'Bin': 'C:\Users\AllayBro\Desktop\УЧЕБА\ПО ДЖАВА\Практика\РИР\lab5\integration-lab\actions-runner\bin'
[2025-11-10 06:33:07Z INFO HostContext] Well known directory 'Root': 'C:\Users\AllayBro\Desktop\УЧЕБА\ПО ДЖАВА\Практика\РИР\lab5\integration-lab\actions-runner'
[2025-11-10 06:33:07Z INFO HostContext] Well known config file 'Service': 'C:\Users\AllayBro\Desktop\УЧЕБА\ПО ДЖАВА\Практика\РИР\lab5\integration-lab\actions-runner\.service'
[2025-11-10 06:33:07Z INFO ConfigurationStore] ServiceConfigFilePath: C:\Users\AllayBro\Desktop\УЧЕБА\ПО ДЖАВА\Практика\РИР\lab5\integration-lab\actions-runner\.service
[2025-11-10 06:33:07Z INFO CommandSettings] Flag 'help': 'False'
[2025-11-10 06:33:07Z INFO CommandSettings] Flag 'version': 'False'
[2025-11-10 06:33:07Z INFO CommandSettings] Flag 'commit': 'False'
[2025-11-10 06:33:07Z INFO CommandSettings] Flag 'check': 'False'
[2025-11-10 06:33:07Z INFO CommandSettings] Command 'configure': 'True'
[2025-11-10 06:33:07Z INFO Terminal] WRITE LINE: 
[2025-11-10 06:33:07Z INFO Terminal] WRITE LINE: --------------------------------------------------------------------------------
[2025-11-10 06:33:07Z INFO Terminal] WRITE LINE: |        ____ _ _   _   _       _          _        _   _                      |
[2025-11-10 06:33:07Z INFO Terminal] WRITE LINE: |       / ___(_) |_| | | |_   _| |__      / \   ___| |_(_) ___  _ __  ___      |
[2025-11-10 06:33:07Z INFO Terminal] WRITE LINE: |      | |  _| | __| |_| | | | | '_ \    / _ \ / __| __| |/ _ \| '_ \/ __|     |
[2025-11-10 06:33:07Z INFO Terminal] WRITE LINE: |      | |_| | | |_|  _  | |_| | |_) |  / ___ \ (__| |_| | (_) | | | \__ \     |
[2025-11-10 06:33:07Z INFO Terminal] WRITE LINE: |       \____|_|\__|_| |_|\__,_|_.__/  /_/   \_\___|\__|_|\___/|_| |_|___/     |
[2025-11-10 06:33:07Z INFO Terminal] WRITE LINE: |                                                                              |
[2025-11-10 06:33:07Z INFO Terminal] WRITE: |                       
[2025-11-10 06:33:07Z INFO Terminal] WRITE: Self-hosted runner registration
[2025-11-10 06:33:07Z INFO Terminal] WRITE LINE:                         |
[2025-11-10 06:33:07Z INFO Terminal] WRITE LINE: |                                                                              |
[2025-11-10 06:33:07Z INFO Terminal] WRITE LINE: --------------------------------------------------------------------------------
[2025-11-10 06:33:07Z INFO ConfigurationManager] ConfigureAsync
[2025-11-10 06:33:07Z INFO CommandSettings] Flag 'generateServiceConfig': 'False'
[2025-11-10 06:33:07Z INFO ConfigurationStore] IsConfigured()
[2025-11-10 06:33:07Z INFO ConfigurationStore] IsConfigured: False
[2025-11-10 06:33:07Z INFO ConfigurationManager] Is configured: False
[2025-11-10 06:33:07Z INFO CommandSettings] Arg 'url': 'https://github.com/AllayBro/lab5'
[2025-11-10 06:33:07Z INFO CommandSettings] Remove url from Arg dictionary.
[2025-11-10 06:33:07Z INFO CommandSettings] Arg 'token': '***'
[2025-11-10 06:33:07Z INFO CommandSettings] Remove token from Arg dictionary.
[2025-11-10 06:33:08Z INFO ConfigurationManager] Http response code: OK from 'POST https://api.github.com/actions/runner-registration' (1D26:2334C9:17F14D6:16FC943:69118725)
[2025-11-10 06:33:08Z INFO ConfigurationManager] Using runner-admin flow: False
[2025-11-10 06:33:08Z INFO ConfigurationManager] cred retrieved via GitHub auth
[2025-11-10 06:33:08Z INFO RunnerServer] EstablishVssConnection
[2025-11-10 06:33:08Z INFO RunnerServer] Establish connection with 100 seconds timeout.
[2025-11-10 06:33:08Z INFO GitHubActionsService] Starting operation Location.GetConnectionData
[2025-11-10 06:33:08Z INFO RunnerServer] EstablishVssConnection
[2025-11-10 06:33:08Z INFO RunnerServer] Establish connection with 60 seconds timeout.
[2025-11-10 06:33:08Z INFO GitHubActionsService] Starting operation Location.GetConnectionData
[2025-11-10 06:33:08Z INFO RunnerServer] EstablishVssConnection
[2025-11-10 06:33:08Z INFO RunnerServer] Establish connection with 60 seconds timeout.
[2025-11-10 06:33:08Z INFO GitHubActionsService] Starting operation Location.GetConnectionData
[2025-11-10 06:33:09Z INFO GitHubActionsService] Finished operation Location.GetConnectionData
[2025-11-10 06:33:09Z INFO GitHubActionsService] Finished operation Location.GetConnectionData
[2025-11-10 06:33:09Z INFO GitHubActionsService] Finished operation Location.GetConnectionData
[2025-11-10 06:33:09Z INFO Terminal] WRITE LINE: 
[2025-11-10 06:33:09Z INFO ConfigurationManager] Test Connection complete.
[2025-11-10 06:33:09Z INFO HostContext] Well known directory 'Bin': 'C:\Users\AllayBro\Desktop\УЧЕБА\ПО ДЖАВА\Практика\РИР\lab5\integration-lab\actions-runner\bin'
[2025-11-10 06:33:09Z INFO HostContext] Well known directory 'Root': 'C:\Users\AllayBro\Desktop\УЧЕБА\ПО ДЖАВА\Практика\РИР\lab5\integration-lab\actions-runner'
[2025-11-10 06:33:09Z INFO HostContext] Well known config file 'RSACredentials': 'C:\Users\AllayBro\Desktop\УЧЕБА\ПО ДЖАВА\Практика\РИР\lab5\integration-lab\actions-runner\.credentials_rsaparams'
[2025-11-10 06:33:09Z INFO RSAEncryptedFileKeyManager] Creating new RSA key using 2048-bit key length
[2025-11-10 06:33:09Z INFO RSAEncryptedFileKeyManager] Successfully saved RSA key parameters to file C:\Users\AllayBro\Desktop\УЧЕБА\ПО ДЖАВА\Практика\РИР\lab5\integration-lab\actions-runner\.credentials_rsaparams
[2025-11-10 06:33:09Z INFO CommandSettings] Arg 'runnergroup': ''
[2025-11-10 06:33:09Z INFO CommandSettings] Flag 'unattended': 'False'
[2025-11-10 06:33:09Z INFO PromptManager] ReadValue
[2025-11-10 06:33:09Z INFO Terminal] WRITE: Enter the name of the runner group to add this runner to: 
[2025-11-10 06:33:09Z INFO Terminal] WRITE: [press Enter for Default] 
[2025-11-10 06:33:09Z INFO Terminal] READ LINE
[2025-11-10 06:33:15Z INFO Terminal] Read value: ''
[2025-11-10 06:33:15Z INFO PromptManager] Falling back to the default: 'Default'
[2025-11-10 06:33:15Z INFO Terminal] WRITE LINE: 
[2025-11-10 06:33:15Z INFO ConfigurationManager] Found a self-hosted runner group with id 1 and name Default
[2025-11-10 06:33:15Z INFO CommandSettings] Flag 'disableupdate': 'False'
[2025-11-10 06:33:15Z INFO CommandSettings] Flag 'ephemeral': 'False'
[2025-11-10 06:33:15Z INFO CommandSettings] Arg 'name': ''
[2025-11-10 06:33:15Z INFO CommandSettings] Flag 'unattended': 'False'
[2025-11-10 06:33:15Z INFO PromptManager] ReadValue
[2025-11-10 06:33:15Z INFO Terminal] WRITE: Enter the name of runner: 
[2025-11-10 06:33:15Z INFO Terminal] WRITE: [press Enter for ALLAYBRO] 
[2025-11-10 06:33:15Z INFO Terminal] READ LINE
[2025-11-10 06:33:19Z INFO Terminal] Read value: ''
[2025-11-10 06:33:19Z INFO PromptManager] Falling back to the default: 'ALLAYBRO'
[2025-11-10 06:33:19Z INFO Terminal] WRITE LINE: 
[2025-11-10 06:33:19Z INFO CommandSettings] Arg 'labels': ''
[2025-11-10 06:33:19Z INFO CommandSettings] Flag 'unattended': 'False'
[2025-11-10 06:33:19Z INFO PromptManager] ReadValue
[2025-11-10 06:33:19Z INFO Terminal] WRITE: This runner will have the following labels: 'self-hosted', 'Windows', 'X64' 
Enter any additional labels (ex. label-1,label-2): 
[2025-11-10 06:33:19Z INFO Terminal] WRITE: [press Enter to skip] 
[2025-11-10 06:33:19Z INFO Terminal] READ LINE
[2025-11-10 06:33:24Z INFO Terminal] Read value: ''
[2025-11-10 06:33:24Z INFO Terminal] WRITE LINE: 
[2025-11-10 06:33:24Z INFO CommandSettings] Flag 'disableupdate': 'False'
[2025-11-10 06:33:24Z INFO CommandSettings] Flag 'no-default-labels': 'False'
[2025-11-10 06:33:24Z INFO CommandSettings] Flag 'disableupdate': 'False'
[2025-11-10 06:33:24Z INFO CommandSettings] Flag 'ephemeral': 'False'
[2025-11-10 06:33:24Z INFO ConfigurationStore] Saving OAuth credential @ C:\Users\AllayBro\Desktop\УЧЕБА\ПО ДЖАВА\Практика\РИР\lab5\integration-lab\actions-runner\.credentials
[2025-11-10 06:33:24Z INFO ConfigurationStore] Credentials Saved.
[2025-11-10 06:33:24Z INFO ConfigurationManager] Service enforced serverUrlV2: https://broker.actions.githubusercontent.com/
[2025-11-10 06:33:24Z INFO ConfigurationManager] Service enforced useV2Flow: True
[2025-11-10 06:33:24Z INFO CommandSettings] Arg 'work': ''
[2025-11-10 06:33:24Z INFO CommandSettings] Flag 'unattended': 'False'
[2025-11-10 06:33:24Z INFO PromptManager] ReadValue
[2025-11-10 06:33:24Z INFO Terminal] WRITE: Enter name of work folder: 
[2025-11-10 06:33:24Z INFO Terminal] WRITE: [press Enter for _work] 
[2025-11-10 06:33:24Z INFO Terminal] READ LINE
[2025-11-10 06:33:34Z INFO Terminal] Read value: ''
[2025-11-10 06:33:34Z INFO PromptManager] Falling back to the default: '_work'
[2025-11-10 06:33:34Z INFO ConfigurationStore] Saving runner settings.
[2025-11-10 06:33:34Z INFO ConfigurationStore] Settings Saved.
[2025-11-10 06:33:34Z INFO Terminal] WRITE LINE: 
[2025-11-10 06:33:34Z INFO Terminal] WRITE LINE: 
[2025-11-10 06:33:34Z INFO CommandSettings] Flag 'runasservice': 'False'
[2025-11-10 06:33:34Z INFO CommandSettings] Flag 'unattended': 'False'
[2025-11-10 06:33:34Z INFO PromptManager] ReadValue
[2025-11-10 06:33:34Z INFO Terminal] WRITE: Would you like to run the runner as service? (Y/N) 
[2025-11-10 06:33:34Z INFO Terminal] WRITE: [press Enter for N] 
[2025-11-10 06:33:34Z INFO Terminal] READ LINE
[2025-11-10 06:33:44Z INFO Terminal] Read value: 'Y'
[2025-11-10 06:33:44Z INFO ConfigurationManager] Configuring to run the agent as service
[2025-11-10 06:33:44Z INFO CommandSettings] Arg 'windowslogonaccount': ''
[2025-11-10 06:33:44Z INFO CommandSettings] Flag 'unattended': 'False'
[2025-11-10 06:33:44Z INFO PromptManager] ReadValue
[2025-11-10 06:33:44Z INFO Terminal] WRITE: User account to use for the service 
[2025-11-10 06:33:44Z INFO Terminal] WRITE: [press Enter for NT AUTHORITY\NETWORK SERVICE] 
[2025-11-10 06:33:44Z INFO Terminal] READ LINE
[2025-11-10 06:33:53Z INFO Terminal] Read value: ''
[2025-11-10 06:33:53Z INFO PromptManager] Falling back to the default: 'NT AUTHORITY\NETWORK SERVICE'
[2025-11-10 06:33:53Z INFO WindowsServiceControlManager] LogonAccount after transforming: NT AUTHORITY\NETWORK SERVICE, user: NETWORK SERVICE, domain: NT AUTHORITY
[2025-11-10 06:33:53Z INFO WindowsServiceControlManager] Service name 'actions.runner.AllayBro-lab5.ALLAYBRO' display name 'GitHub Actions Runner (AllayBro-lab5.ALLAYBRO)' will be used for service configuration.
[2025-11-10 06:33:53Z INFO WindowsServiceControlManager] Verifying if the account has LogonAsService permission
[2025-11-10 06:33:53Z INFO NativeWindowsServiceHelper] Successfully grant logon as service privilege to account 'NETWORK SERVICE'
[2025-11-10 06:33:53Z INFO WindowsServiceControlManager] Create local group and grant folder permission to service logon account.
[2025-11-10 06:33:53Z INFO HostContext] Well known directory 'Bin': 'C:\Users\AllayBro\Desktop\УЧЕБА\ПО ДЖАВА\Практика\РИР\lab5\integration-lab\actions-runner\bin'
[2025-11-10 06:33:53Z INFO HostContext] Well known directory 'Root': 'C:\Users\AllayBro\Desktop\УЧЕБА\ПО ДЖАВА\Практика\РИР\lab5\integration-lab\actions-runner'
[2025-11-10 06:33:53Z INFO ConfigurationStore] Read setting file: 386 chars
[2025-11-10 06:33:53Z INFO HostContext] Well known directory 'Bin': 'C:\Users\AllayBro\Desktop\УЧЕБА\ПО ДЖАВА\Практика\РИР\lab5\integration-lab\actions-runner\bin'
[2025-11-10 06:33:53Z INFO HostContext] Well known directory 'Root': 'C:\Users\AllayBro\Desktop\УЧЕБА\ПО ДЖАВА\Практика\РИР\lab5\integration-lab\actions-runner'
[2025-11-10 06:33:53Z INFO HostContext] Well known directory 'Work': 'C:\Users\AllayBro\Desktop\УЧЕБА\ПО ДЖАВА\Практика\РИР\lab5\integration-lab\actions-runner\_work'
[2025-11-10 06:33:53Z INFO HostContext] Well known directory 'Bin': 'C:\Users\AllayBro\Desktop\УЧЕБА\ПО ДЖАВА\Практика\РИР\lab5\integration-lab\actions-runner\bin'
[2025-11-10 06:33:53Z INFO NativeWindowsServiceHelper] Calculated unique group name GITHUB_ActionsRunner_G7e9bb
[2025-11-10 06:33:53Z INFO NativeWindowsServiceHelper] Trying to create group GITHUB_ActionsRunner_G7e9bb
[2025-11-10 06:33:53Z INFO NativeWindowsServiceHelper] Local Group 'GITHUB_ActionsRunner_G7e9bb' created
[2025-11-10 06:33:53Z INFO NativeWindowsServiceHelper] Trying to add userName NT AUTHORITY\NETWORK SERVICE to the group GITHUB_ActionsRunner_G7e9bb
[2025-11-10 06:33:53Z INFO NativeWindowsServiceHelper] Account 'NT AUTHORITY\NETWORK SERVICE' is added to local group 'GITHUB_ActionsRunner_G7e9bb'.
[2025-11-10 06:33:53Z INFO NativeWindowsServiceHelper] Set full access control to group for the folder C:\Users\AllayBro\Desktop\УЧЕБА\ПО ДЖАВА\Практика\РИР\lab5\integration-lab\actions-runner
[2025-11-10 06:33:53Z INFO NativeWindowsServiceHelper] Set full access control to group for the folder C:\Users\AllayBro\Desktop\УЧЕБА\ПО ДЖАВА\Практика\РИР\lab5\integration-lab\actions-runner\_work
[2025-11-10 06:33:53Z INFO NativeWindowsServiceHelper] Local group 'GITHUB_ActionsRunner_G7e9bb' already has full control to path 'C:\Users\AllayBro\Desktop\УЧЕБА\ПО ДЖАВА\Практика\РИР\lab5\integration-lab\actions-runner\_work'.
[2025-11-10 06:33:53Z INFO Terminal] WRITE LINE: Granting file permissions to 'NT AUTHORITY\NETWORK SERVICE'.
[2025-11-10 06:33:53Z INFO HostContext] Well known directory 'Bin': 'C:\Users\AllayBro\Desktop\УЧЕБА\ПО ДЖАВА\Практика\РИР\lab5\integration-lab\actions-runner\bin'
[2025-11-10 06:33:53Z INFO ProcessInvokerWrapper] Starting process:
[2025-11-10 06:33:53Z INFO ProcessInvokerWrapper]   File name: '"C:\Users\AllayBro\Desktop\УЧЕБА\ПО ДЖАВА\Практика\РИР\lab5\integration-lab\actions-runner\bin\RunnerService.exe"'
[2025-11-10 06:33:53Z INFO ProcessInvokerWrapper]   Arguments: 'init'
[2025-11-10 06:33:53Z INFO ProcessInvokerWrapper]   Working directory: ''
[2025-11-10 06:33:53Z INFO ProcessInvokerWrapper]   Require exit code zero: 'True'
[2025-11-10 06:33:53Z INFO ProcessInvokerWrapper]   Encoding web name:  ; code page: ''
[2025-11-10 06:33:53Z INFO ProcessInvokerWrapper]   Force kill process on cancellation: 'False'
[2025-11-10 06:33:53Z INFO ProcessInvokerWrapper]   Redirected STDIN: 'False'
[2025-11-10 06:33:53Z INFO ProcessInvokerWrapper]   Persist current code page: 'False'
[2025-11-10 06:33:53Z INFO ProcessInvokerWrapper]   Keep redirected STDIN open: 'False'
[2025-11-10 06:33:53Z INFO ProcessInvokerWrapper]   High priority process: 'False'
[2025-11-10 06:33:53Z INFO ProcessInvokerWrapper] Process started with process id 9748, waiting for process exit.
[2025-11-10 06:33:53Z INFO ProcessInvokerWrapper] STDOUT/STDERR stream read finished.
[2025-11-10 06:33:53Z INFO ProcessInvokerWrapper] STDOUT/STDERR stream read finished.
[2025-11-10 06:33:53Z INFO ProcessInvokerWrapper] Finished process 9748 with exit code 0, and elapsed time 00:00:00.2872751.
[2025-11-10 06:33:53Z INFO Terminal] WRITE LINE: Service actions.runner.AllayBro-lab5.ALLAYBRO successfully installed
[2025-11-10 06:33:53Z INFO Terminal] WRITE LINE: Service actions.runner.AllayBro-lab5.ALLAYBRO successfully set recovery option
[2025-11-10 06:33:53Z INFO Terminal] WRITE LINE: Service actions.runner.AllayBro-lab5.ALLAYBRO successfully set to delayed auto start
[2025-11-10 06:33:53Z INFO Terminal] WRITE LINE: Service actions.runner.AllayBro-lab5.ALLAYBRO successfully configured
[2025-11-10 06:33:53Z INFO HostContext] Well known directory 'Bin': 'C:\Users\AllayBro\Desktop\УЧЕБА\ПО ДЖАВА\Практика\РИР\lab5\integration-lab\actions-runner\bin'
[2025-11-10 06:33:53Z INFO HostContext] Well known directory 'Root': 'C:\Users\AllayBro\Desktop\УЧЕБА\ПО ДЖАВА\Практика\РИР\lab5\integration-lab\actions-runner'
[2025-11-10 06:33:53Z INFO HostContext] Well known config file 'Service': 'C:\Users\AllayBro\Desktop\УЧЕБА\ПО ДЖАВА\Практика\РИР\lab5\integration-lab\actions-runner\.service'
[2025-11-10 06:33:53Z INFO WindowsServiceControlManager] Configuration was successful, trying to start the service
[2025-11-10 06:33:53Z INFO Terminal] WRITE LINE: Waiting for service to start...
[2025-11-10 06:33:54Z INFO Terminal] WRITE LINE: Service actions.runner.AllayBro-lab5.ALLAYBRO started successfully
[2025-11-10 06:33:54Z INFO Listener] Runner execution has finished with return code 0
